{"/home/mehayward/Projects/coding_and_learning/citr-v8-project-main/testing-work/src/Carousel.jsx": {"path":"/home/mehayward/Projects/coding_and_learning/citr-v8-project-main/testing-work/src/Carousel.jsx","all":false,"statementMap":{"0":{"start":{"line":1,"column":0},"end":{"line":1,"column":34}},"1":{"start":{"line":2,"column":0},"end":{"line":2,"column":0}},"2":{"start":{"line":3,"column":0},"end":{"line":3,"column":34}},"3":{"start":{"line":4,"column":0},"end":{"line":4,"column":11}},"4":{"start":{"line":5,"column":0},"end":{"line":5,"column":14}},"5":{"start":{"line":6,"column":0},"end":{"line":6,"column":4}},"6":{"start":{"line":7,"column":0},"end":{"line":7,"column":0}},"7":{"start":{"line":8,"column":0},"end":{"line":8,"column":25}},"8":{"start":{"line":9,"column":0},"end":{"line":9,"column":62}},"9":{"start":{"line":10,"column":0},"end":{"line":10,"column":4}},"10":{"start":{"line":11,"column":0},"end":{"line":11,"column":0}},"11":{"start":{"line":12,"column":0},"end":{"line":12,"column":33}},"12":{"start":{"line":13,"column":0},"end":{"line":13,"column":19}},"13":{"start":{"line":14,"column":0},"end":{"line":14,"column":42}},"14":{"start":{"line":15,"column":0},"end":{"line":15,"column":7}},"15":{"start":{"line":16,"column":0},"end":{"line":16,"column":4}},"16":{"start":{"line":17,"column":0},"end":{"line":17,"column":0}},"17":{"start":{"line":18,"column":0},"end":{"line":18,"column":12}},"18":{"start":{"line":19,"column":0},"end":{"line":19,"column":34}},"19":{"start":{"line":20,"column":0},"end":{"line":20,"column":34}},"20":{"start":{"line":21,"column":0},"end":{"line":21,"column":12}},"21":{"start":{"line":22,"column":0},"end":{"line":22,"column":32}},"22":{"start":{"line":23,"column":0},"end":{"line":23,"column":68}},"23":{"start":{"line":24,"column":0},"end":{"line":24,"column":42}},"24":{"start":{"line":25,"column":0},"end":{"line":25,"column":41}},"25":{"start":{"line":26,"column":0},"end":{"line":26,"column":39}},"26":{"start":{"line":27,"column":0},"end":{"line":27,"column":16}},"27":{"start":{"line":28,"column":0},"end":{"line":28,"column":47}},"28":{"start":{"line":29,"column":0},"end":{"line":29,"column":25}},"29":{"start":{"line":30,"column":0},"end":{"line":30,"column":25}},"30":{"start":{"line":31,"column":0},"end":{"line":31,"column":58}},"31":{"start":{"line":32,"column":0},"end":{"line":32,"column":36}},"32":{"start":{"line":33,"column":0},"end":{"line":33,"column":45}},"33":{"start":{"line":34,"column":0},"end":{"line":34,"column":32}},"34":{"start":{"line":35,"column":0},"end":{"line":35,"column":14}},"35":{"start":{"line":36,"column":0},"end":{"line":36,"column":13}},"36":{"start":{"line":37,"column":0},"end":{"line":37,"column":14}},"37":{"start":{"line":38,"column":0},"end":{"line":38,"column":12}},"38":{"start":{"line":39,"column":0},"end":{"line":39,"column":6}},"39":{"start":{"line":40,"column":0},"end":{"line":40,"column":3}},"40":{"start":{"line":41,"column":0},"end":{"line":41,"column":1}},"41":{"start":{"line":42,"column":0},"end":{"line":42,"column":0}},"42":{"start":{"line":43,"column":0},"end":{"line":43,"column":24}}},"s":{"0":1,"1":1,"2":1,"3":1,"4":1,"5":1,"6":1,"7":1,"8":1,"9":1,"10":1,"11":1,"12":4,"13":4,"14":4,"15":4,"16":1,"17":1,"18":5,"19":5,"20":5,"21":5,"22":5,"23":5,"24":5,"25":20,"26":20,"27":20,"28":20,"29":20,"30":20,"31":20,"32":20,"33":20,"34":20,"35":5,"36":5,"37":5,"38":5,"39":5,"40":5,"41":1,"42":1},"branchMap":{"0":{"type":"branch","line":4,"loc":{"start":{"line":4,"column":2},"end":{"line":16,"column":4}},"locations":[{"start":{"line":4,"column":2},"end":{"line":16,"column":4}}]},"1":{"type":"branch","line":8,"loc":{"start":{"line":8,"column":2},"end":{"line":10,"column":4}},"locations":[{"start":{"line":8,"column":2},"end":{"line":10,"column":4}}]},"2":{"type":"branch","line":12,"loc":{"start":{"line":12,"column":22},"end":{"line":16,"column":4}},"locations":[{"start":{"line":12,"column":22},"end":{"line":16,"column":4}}]},"3":{"type":"branch","line":18,"loc":{"start":{"line":18,"column":2},"end":{"line":41,"column":1}},"locations":[{"start":{"line":18,"column":2},"end":{"line":41,"column":1}}]},"4":{"type":"branch","line":25,"loc":{"start":{"line":25,"column":23},"end":{"line":36,"column":12}},"locations":[{"start":{"line":25,"column":23},"end":{"line":36,"column":12}}]},"5":{"type":"branch","line":31,"loc":{"start":{"line":31,"column":35},"end":{"line":31,"column":55}},"locations":[{"start":{"line":31,"column":35},"end":{"line":31,"column":55}}]},"6":{"type":"branch","line":31,"loc":{"start":{"line":31,"column":44},"end":{"line":31,"column":58}},"locations":[{"start":{"line":31,"column":44},"end":{"line":31,"column":58}}]}},"b":{"0":[1],"1":[1],"2":[4],"3":[5],"4":[20],"5":[5],"6":[15]},"fnMap":{"0":{"name":"<instance_members_initializer>","decl":{"start":{"line":4,"column":2},"end":{"line":16,"column":4}},"loc":{"start":{"line":4,"column":2},"end":{"line":16,"column":4}},"line":4},"1":{"name":"<static_initializer>","decl":{"start":{"line":8,"column":2},"end":{"line":10,"column":4}},"loc":{"start":{"line":8,"column":2},"end":{"line":10,"column":4}},"line":8},"2":{"name":"handleIndexClick","decl":{"start":{"line":12,"column":22},"end":{"line":16,"column":4}},"loc":{"start":{"line":12,"column":22},"end":{"line":16,"column":4}},"line":12},"3":{"name":"render","decl":{"start":{"line":18,"column":2},"end":{"line":41,"column":1}},"loc":{"start":{"line":18,"column":2},"end":{"line":41,"column":1}},"line":18}},"f":{"0":1,"1":1,"2":4,"3":5}}
,"/home/mehayward/Projects/coding_and_learning/citr-v8-project-main/testing-work/src/Pet.jsx": {"path":"/home/mehayward/Projects/coding_and_learning/citr-v8-project-main/testing-work/src/Pet.jsx","all":false,"statementMap":{"0":{"start":{"line":1,"column":0},"end":{"line":1,"column":40}},"1":{"start":{"line":2,"column":0},"end":{"line":2,"column":0}},"2":{"start":{"line":3,"column":0},"end":{"line":3,"column":24}},"3":{"start":{"line":4,"column":0},"end":{"line":4,"column":62}},"4":{"start":{"line":5,"column":0},"end":{"line":5,"column":0}},"5":{"start":{"line":6,"column":0},"end":{"line":6,"column":61}},"6":{"start":{"line":7,"column":0},"end":{"line":7,"column":23}},"7":{"start":{"line":8,"column":0},"end":{"line":8,"column":21}},"8":{"start":{"line":9,"column":0},"end":{"line":9,"column":3}},"9":{"start":{"line":10,"column":0},"end":{"line":10,"column":0}},"10":{"start":{"line":11,"column":0},"end":{"line":11,"column":10}},"11":{"start":{"line":12,"column":0},"end":{"line":12,"column":48}},"12":{"start":{"line":13,"column":0},"end":{"line":13,"column":39}},"13":{"start":{"line":14,"column":0},"end":{"line":14,"column":61}},"14":{"start":{"line":15,"column":0},"end":{"line":15,"column":12}},"15":{"start":{"line":16,"column":0},"end":{"line":16,"column":28}},"16":{"start":{"line":17,"column":0},"end":{"line":17,"column":27}},"17":{"start":{"line":18,"column":0},"end":{"line":18,"column":55}},"18":{"start":{"line":19,"column":0},"end":{"line":19,"column":12}},"19":{"start":{"line":20,"column":0},"end":{"line":20,"column":11}},"20":{"start":{"line":21,"column":0},"end":{"line":21,"column":4}},"21":{"start":{"line":22,"column":0},"end":{"line":22,"column":2}},"22":{"start":{"line":23,"column":0},"end":{"line":23,"column":0}},"23":{"start":{"line":24,"column":0},"end":{"line":24,"column":19}}},"s":{"0":1,"1":1,"2":1,"3":12,"4":12,"5":12,"6":12,"7":11,"8":11,"9":11,"10":11,"11":12,"12":12,"13":12,"14":12,"15":12,"16":12,"17":12,"18":12,"19":12,"20":12,"21":12,"22":1,"23":1},"branchMap":{"0":{"type":"branch","line":3,"loc":{"start":{"line":3,"column":13},"end":{"line":22,"column":2}},"locations":[{"start":{"line":3,"column":13},"end":{"line":22,"column":2}}]},"1":{"type":"branch","line":7,"loc":{"start":{"line":7,"column":6},"end":{"line":7,"column":22}},"locations":[{"start":{"line":7,"column":6},"end":{"line":7,"column":22}}]},"2":{"type":"branch","line":7,"loc":{"start":{"line":7,"column":22},"end":{"line":11,"column":10}},"locations":[{"start":{"line":7,"column":22},"end":{"line":11,"column":10}}]}},"b":{"0":[12],"1":[11],"2":[11]},"fnMap":{"0":{"name":"Pet","decl":{"start":{"line":3,"column":13},"end":{"line":22,"column":2}},"loc":{"start":{"line":3,"column":13},"end":{"line":22,"column":2}},"line":3}},"f":{"0":12}}
,"/home/mehayward/Projects/coding_and_learning/citr-v8-project-main/testing-work/src/Results.jsx": {"path":"/home/mehayward/Projects/coding_and_learning/citr-v8-project-main/testing-work/src/Results.jsx","all":false,"statementMap":{"0":{"start":{"line":1,"column":0},"end":{"line":1,"column":24}},"1":{"start":{"line":2,"column":0},"end":{"line":2,"column":0}},"2":{"start":{"line":3,"column":0},"end":{"line":3,"column":31}},"3":{"start":{"line":4,"column":0},"end":{"line":4,"column":10}},"4":{"start":{"line":5,"column":0},"end":{"line":5,"column":28}},"5":{"start":{"line":6,"column":0},"end":{"line":6,"column":23}},"6":{"start":{"line":7,"column":0},"end":{"line":7,"column":31}},"7":{"start":{"line":8,"column":0},"end":{"line":8,"column":11}},"8":{"start":{"line":9,"column":0},"end":{"line":9,"column":27}},"9":{"start":{"line":10,"column":0},"end":{"line":10,"column":18}},"10":{"start":{"line":11,"column":0},"end":{"line":11,"column":16}},"11":{"start":{"line":12,"column":0},"end":{"line":12,"column":33}},"12":{"start":{"line":13,"column":0},"end":{"line":13,"column":26}},"13":{"start":{"line":14,"column":0},"end":{"line":14,"column":29}},"14":{"start":{"line":15,"column":0},"end":{"line":15,"column":31}},"15":{"start":{"line":16,"column":0},"end":{"line":16,"column":33}},"16":{"start":{"line":17,"column":0},"end":{"line":17,"column":52}},"17":{"start":{"line":18,"column":0},"end":{"line":18,"column":25}},"18":{"start":{"line":19,"column":0},"end":{"line":19,"column":14}},"19":{"start":{"line":20,"column":0},"end":{"line":20,"column":12}},"20":{"start":{"line":21,"column":0},"end":{"line":21,"column":10}},"21":{"start":{"line":22,"column":0},"end":{"line":22,"column":8}},"22":{"start":{"line":23,"column":0},"end":{"line":23,"column":10}},"23":{"start":{"line":24,"column":0},"end":{"line":24,"column":4}},"24":{"start":{"line":25,"column":0},"end":{"line":25,"column":2}},"25":{"start":{"line":26,"column":0},"end":{"line":26,"column":0}},"26":{"start":{"line":27,"column":0},"end":{"line":27,"column":23}}},"s":{"0":1,"1":1,"2":1,"3":2,"4":2,"5":2,"6":1,"7":1,"8":1,"9":10,"10":10,"11":10,"12":10,"13":10,"14":10,"15":10,"16":10,"17":10,"18":10,"19":10,"20":10,"21":2,"22":2,"23":2,"24":2,"25":1,"26":1},"branchMap":{"0":{"type":"branch","line":3,"loc":{"start":{"line":3,"column":17},"end":{"line":25,"column":2}},"locations":[{"start":{"line":3,"column":17},"end":{"line":25,"column":2}}]},"1":{"type":"branch","line":6,"loc":{"start":{"line":6,"column":13},"end":{"line":7,"column":31}},"locations":[{"start":{"line":6,"column":13},"end":{"line":7,"column":31}}]},"2":{"type":"branch","line":7,"loc":{"start":{"line":7,"column":30},"end":{"line":21,"column":10}},"locations":[{"start":{"line":7,"column":30},"end":{"line":21,"column":10}}]},"3":{"type":"branch","line":9,"loc":{"start":{"line":9,"column":18},"end":{"line":21,"column":10}},"locations":[{"start":{"line":9,"column":18},"end":{"line":21,"column":10}}]}},"b":{"0":[2],"1":[1],"2":[1],"3":[10]},"fnMap":{"0":{"name":"Results","decl":{"start":{"line":3,"column":17},"end":{"line":25,"column":2}},"loc":{"start":{"line":3,"column":17},"end":{"line":25,"column":2}},"line":3}},"f":{"0":2}}
,"/home/mehayward/Projects/coding_and_learning/citr-v8-project-main/testing-work/src/fetchBreedList.js": {"path":"/home/mehayward/Projects/coding_and_learning/citr-v8-project-main/testing-work/src/fetchBreedList.js","all":false,"statementMap":{"0":{"start":{"line":1,"column":0},"end":{"line":1,"column":45}},"1":{"start":{"line":2,"column":0},"end":{"line":2,"column":29}},"2":{"start":{"line":3,"column":0},"end":{"line":3,"column":0}},"3":{"start":{"line":4,"column":0},"end":{"line":4,"column":25}},"4":{"start":{"line":5,"column":0},"end":{"line":5,"column":0}},"5":{"start":{"line":6,"column":0},"end":{"line":6,"column":26}},"6":{"start":{"line":7,"column":0},"end":{"line":7,"column":57}},"7":{"start":{"line":8,"column":0},"end":{"line":8,"column":4}},"8":{"start":{"line":9,"column":0},"end":{"line":9,"column":0}},"9":{"start":{"line":10,"column":0},"end":{"line":10,"column":16}},"10":{"start":{"line":11,"column":0},"end":{"line":11,"column":53}},"11":{"start":{"line":12,"column":0},"end":{"line":12,"column":3}},"12":{"start":{"line":13,"column":0},"end":{"line":13,"column":0}},"13":{"start":{"line":14,"column":0},"end":{"line":14,"column":20}},"14":{"start":{"line":15,"column":0},"end":{"line":15,"column":1}},"15":{"start":{"line":16,"column":0},"end":{"line":16,"column":0}},"16":{"start":{"line":17,"column":0},"end":{"line":17,"column":30}}},"s":{"0":1,"1":2,"2":2,"3":2,"4":1,"5":1,"6":1,"7":1,"8":1,"9":1,"10":0,"11":0,"12":0,"13":1,"14":1,"15":2,"16":1},"branchMap":{"0":{"type":"branch","line":2,"loc":{"start":{"line":2,"column":-1},"end":{"line":16,"column":0}},"locations":[{"start":{"line":2,"column":-1},"end":{"line":16,"column":0}}]},"1":{"type":"branch","line":4,"loc":{"start":{"line":4,"column":16},"end":{"line":10,"column":16}},"locations":[{"start":{"line":4,"column":16},"end":{"line":10,"column":16}}]},"2":{"type":"branch","line":11,"loc":{"start":{"line":11,"column":-1},"end":{"line":13,"column":0}},"locations":[{"start":{"line":11,"column":-1},"end":{"line":13,"column":0}}]},"3":{"type":"branch","line":14,"loc":{"start":{"line":14,"column":-1},"end":{"line":15,"column":1}},"locations":[{"start":{"line":14,"column":-1},"end":{"line":15,"column":1}}]}},"b":{"0":[2],"1":[1],"2":[0],"3":[1]},"fnMap":{"0":{"name":"fetchBreedList","decl":{"start":{"line":2,"column":-1},"end":{"line":16,"column":0}},"loc":{"start":{"line":2,"column":-1},"end":{"line":16,"column":0}},"line":2}},"f":{"0":2}}
,"/home/mehayward/Projects/coding_and_learning/citr-v8-project-main/testing-work/src/setupVitest.js": {"path":"/home/mehayward/Projects/coding_and_learning/citr-v8-project-main/testing-work/src/setupVitest.js","all":false,"statementMap":{"0":{"start":{"line":1,"column":0},"end":{"line":1,"column":48}},"1":{"start":{"line":2,"column":0},"end":{"line":2,"column":28}},"2":{"start":{"line":3,"column":0},"end":{"line":3,"column":0}},"3":{"start":{"line":4,"column":0},"end":{"line":4,"column":38}},"4":{"start":{"line":5,"column":0},"end":{"line":5,"column":24}}},"s":{"0":1,"1":1,"2":1,"3":1,"4":1},"branchMap":{},"b":{},"fnMap":{},"f":{}}
,"/home/mehayward/Projects/coding_and_learning/citr-v8-project-main/testing-work/src/useBreedList.js": {"path":"/home/mehayward/Projects/coding_and_learning/citr-v8-project-main/testing-work/src/useBreedList.js","all":false,"statementMap":{"0":{"start":{"line":1,"column":0},"end":{"line":1,"column":49}},"1":{"start":{"line":2,"column":0},"end":{"line":2,"column":46}},"2":{"start":{"line":3,"column":0},"end":{"line":3,"column":0}},"3":{"start":{"line":4,"column":0},"end":{"line":4,"column":46}},"4":{"start":{"line":5,"column":0},"end":{"line":5,"column":63}},"5":{"start":{"line":6,"column":0},"end":{"line":6,"column":0}},"6":{"start":{"line":7,"column":0},"end":{"line":7,"column":55}},"7":{"start":{"line":8,"column":0},"end":{"line":8,"column":1}}},"s":{"0":1,"1":1,"2":1,"3":1,"4":1,"5":1,"6":1,"7":1},"branchMap":{"0":{"type":"branch","line":7,"loc":{"start":{"line":7,"column":24},"end":{"line":7,"column":32}},"locations":[{"start":{"line":7,"column":24},"end":{"line":7,"column":32}}]},"1":{"type":"branch","line":7,"loc":{"start":{"line":7,"column":33},"end":{"line":7,"column":38}},"locations":[{"start":{"line":7,"column":33},"end":{"line":7,"column":38}}]}},"b":{"0":[2],"1":[3]},"fnMap":{},"f":{}}
}
